<?xml version="1.0" encoding="UTF-8"?>
<coverage generated="1583858449480" clover="3.2.0">
  <project timestamp="1583858449480" name="All files">
    <metrics statements="119" coveredstatements="71" conditionals="56" coveredconditionals="35" methods="31" coveredmethods="17" elements="206" coveredelements="123" complexity="0" loc="119" ncloc="119" packages="1" files="3" classes="3"/>
    <file name="App.js" path="/Users/v_elakya/code/hotel-management-app/hotel-mgmt-app/src/App.js">
      <metrics statements="13" coveredstatements="11" conditionals="7" coveredconditionals="5" methods="2" coveredmethods="2"/>
      <line num="6" count="3" type="stmt"/>
      <line num="9" count="3" type="stmt"/>
      <line num="14" count="3" type="stmt"/>
      <line num="15" count="3" type="cond" truecount="3" falsecount="0"/>
      <line num="17" count="1" type="stmt"/>
      <line num="23" count="1" type="stmt"/>
      <line num="24" count="1" type="stmt"/>
      <line num="30" count="1" type="stmt"/>
      <line num="35" count="2" type="stmt"/>
      <line num="36" count="2" type="cond" truecount="1" falsecount="1"/>
      <line num="37" count="0" type="stmt"/>
      <line num="38" count="0" type="stmt"/>
      <line num="40" count="2" type="stmt"/>
    </file>
    <file name="Main.js" path="/Users/v_elakya/code/hotel-management-app/hotel-mgmt-app/src/Main.js">
      <metrics statements="40" coveredstatements="7" conditionals="12" coveredconditionals="3" methods="10" coveredmethods="1"/>
      <line num="11" count="3" type="stmt"/>
      <line num="17" count="3" type="stmt"/>
      <line num="18" count="3" type="cond" truecount="3" falsecount="1"/>
      <line num="20" count="1" type="stmt"/>
      <line num="26" count="1" type="stmt"/>
      <line num="32" count="1" type="stmt"/>
      <line num="38" count="0" type="stmt"/>
      <line num="43" count="3" type="stmt"/>
      <line num="44" count="0" type="stmt"/>
      <line num="45" count="0" type="stmt"/>
      <line num="46" count="0" type="stmt"/>
      <line num="47" count="0" type="stmt"/>
      <line num="48" count="0" type="stmt"/>
      <line num="49" count="0" type="stmt"/>
      <line num="52" count="0" type="stmt"/>
      <line num="53" count="0" type="stmt"/>
      <line num="57" count="0" type="stmt"/>
      <line num="63" count="0" type="stmt"/>
      <line num="64" count="0" type="stmt"/>
      <line num="65" count="0" type="cond" truecount="0" falsecount="2"/>
      <line num="66" count="0" type="stmt"/>
      <line num="67" count="0" type="stmt"/>
      <line num="68" count="0" type="stmt"/>
      <line num="69" count="0" type="stmt"/>
      <line num="72" count="0" type="stmt"/>
      <line num="78" count="0" type="stmt"/>
      <line num="79" count="0" type="stmt"/>
      <line num="85" count="0" type="stmt"/>
      <line num="86" count="0" type="stmt"/>
      <line num="87" count="0" type="cond" truecount="0" falsecount="2"/>
      <line num="89" count="0" type="stmt"/>
      <line num="90" count="0" type="stmt"/>
      <line num="93" count="0" type="stmt"/>
      <line num="94" count="0" type="stmt"/>
      <line num="95" count="0" type="stmt"/>
      <line num="98" count="0" type="stmt"/>
      <line num="99" count="0" type="stmt"/>
      <line num="101" count="0" type="stmt"/>
      <line num="103" count="0" type="stmt"/>
      <line num="108" count="0" type="stmt"/>
    </file>
    <file name="hotel-info.js" path="/Users/v_elakya/code/hotel-management-app/hotel-mgmt-app/src/hotel-info.js">
      <metrics statements="66" coveredstatements="53" conditionals="37" coveredconditionals="27" methods="19" coveredmethods="14"/>
      <line num="18" count="31" type="stmt"/>
      <line num="19" count="31" type="stmt"/>
      <line num="32" count="31" type="stmt"/>
      <line num="33" count="31" type="stmt"/>
      <line num="34" count="31" type="stmt"/>
      <line num="35" count="31" type="stmt"/>
      <line num="36" count="31" type="stmt"/>
      <line num="40" count="3" type="stmt"/>
      <line num="43" count="3" type="cond" truecount="1" falsecount="1"/>
      <line num="44" count="3" type="stmt"/>
      <line num="47" count="3" type="cond" truecount="2" falsecount="0"/>
      <line num="48" count="1" type="stmt"/>
      <line num="51" count="2" type="stmt"/>
      <line num="52" count="2" type="stmt"/>
      <line num="54" count="2" type="cond" truecount="2" falsecount="0"/>
      <line num="55" count="1" type="stmt"/>
      <line num="58" count="1" type="stmt"/>
      <line num="65" count="2" type="stmt"/>
      <line num="69" count="2" type="stmt"/>
      <line num="73" count="2" type="stmt"/>
      <line num="77" count="3" type="stmt"/>
      <line num="78" count="3" type="stmt"/>
      <line num="79" count="1" type="cond" truecount="3" falsecount="1"/>
      <line num="80" count="1" type="stmt"/>
      <line num="83" count="0" type="stmt"/>
      <line num="90" count="8" type="stmt"/>
      <line num="91" count="8" type="cond" truecount="2" falsecount="0"/>
      <line num="92" count="4" type="stmt"/>
      <line num="95" count="4" type="stmt"/>
      <line num="96" count="4" type="stmt"/>
      <line num="98" count="2" type="cond" truecount="3" falsecount="1"/>
      <line num="99" count="2" type="stmt"/>
      <line num="102" count="0" type="stmt"/>
      <line num="109" count="3" type="stmt"/>
      <line num="110" count="3" type="cond" truecount="2" falsecount="0"/>
      <line num="111" count="1" type="stmt"/>
      <line num="112" count="1" type="stmt"/>
      <line num="114" count="1" type="stmt"/>
      <line num="123" count="2" type="stmt"/>
      <line num="133" count="4" type="cond" truecount="3" falsecount="0"/>
      <line num="135" count="1" type="stmt"/>
      <line num="136" count="1" type="stmt"/>
      <line num="138" count="1" type="stmt"/>
      <line num="139" count="1" type="stmt"/>
      <line num="141" count="2" type="stmt"/>
      <line num="146" count="1" type="stmt"/>
      <line num="150" count="0" type="stmt"/>
      <line num="154" count="0" type="stmt"/>
      <line num="158" count="0" type="stmt"/>
      <line num="161" count="0" type="stmt"/>
      <line num="163" count="0" type="cond" truecount="0" falsecount="2"/>
      <line num="164" count="0" type="cond" truecount="0" falsecount="2"/>
      <line num="165" count="0" type="stmt"/>
      <line num="172" count="0" type="cond" truecount="0" falsecount="2"/>
      <line num="173" count="0" type="stmt"/>
      <line num="182" count="0" type="stmt"/>
      <line num="186" count="31" type="stmt"/>
      <line num="190" count="0" type="stmt"/>
      <line num="194" count="45" type="stmt"/>
      <line num="195" count="45" type="cond" truecount="2" falsecount="0"/>
      <line num="197" count="4" type="stmt"/>
      <line num="199" count="1" type="stmt"/>
      <line num="201" count="40" type="stmt"/>
      <line num="202" count="40" type="cond" truecount="2" falsecount="0"/>
      <line num="203" count="40" type="stmt"/>
      <line num="204" count="40" type="stmt"/>
    </file>
  </project>
</coverage>
