{"/Users/v_elakya/code/hotel-management-app/hotel-mgmt-app/src/App.js": {"path":"/Users/v_elakya/code/hotel-management-app/hotel-mgmt-app/src/App.js","statementMap":{"0":{"start":{"line":6,"column":27},"end":{"line":6,"column":48}},"1":{"start":{"line":9,"column":21},"end":{"line":12,"column":1}},"2":{"start":{"line":14,"column":23},"end":{"line":32,"column":1}},"3":{"start":{"line":15,"column":2},"end":{"line":31,"column":3}},"4":{"start":{"line":17,"column":6},"end":{"line":21,"column":8}},"5":{"start":{"line":23,"column":6},"end":{"line":23,"column":29}},"6":{"start":{"line":24,"column":6},"end":{"line":28,"column":8}},"7":{"start":{"line":30,"column":6},"end":{"line":30,"column":19}},"8":{"start":{"line":35,"column":28},"end":{"line":35,"column":67}},"9":{"start":{"line":36,"column":2},"end":{"line":39,"column":3}},"10":{"start":{"line":37,"column":4},"end":{"line":37,"column":57}},"11":{"start":{"line":38,"column":4},"end":{"line":38,"column":33}},"12":{"start":{"line":40,"column":2},"end":{"line":50,"column":4}}},"fnMap":{"0":{"name":"(anonymous_0)","decl":{"start":{"line":14,"column":23},"end":{"line":14,"column":24}},"loc":{"start":{"line":14,"column":42},"end":{"line":32,"column":1}},"line":14},"1":{"name":"App","decl":{"start":{"line":34,"column":9},"end":{"line":34,"column":12}},"loc":{"start":{"line":34,"column":15},"end":{"line":51,"column":1}},"line":34}},"branchMap":{"0":{"loc":{"start":{"line":15,"column":2},"end":{"line":31,"column":3}},"type":"switch","locations":[{"start":{"line":16,"column":4},"end":{"line":21,"column":8}},{"start":{"line":22,"column":4},"end":{"line":28,"column":8}},{"start":{"line":29,"column":4},"end":{"line":30,"column":19}}],"line":15},"1":{"loc":{"start":{"line":36,"column":2},"end":{"line":39,"column":3}},"type":"if","locations":[{"start":{"line":36,"column":2},"end":{"line":39,"column":3}},{"start":{"line":36,"column":2},"end":{"line":39,"column":3}}],"line":36},"2":{"loc":{"start":{"line":47,"column":30},"end":{"line":47,"column":94}},"type":"cond-expr","locations":[{"start":{"line":47,"column":55},"end":{"line":47,"column":63}},{"start":{"line":47,"column":66},"end":{"line":47,"column":94}}],"line":47}},"s":{"0":3,"1":3,"2":3,"3":3,"4":1,"5":1,"6":1,"7":1,"8":2,"9":2,"10":0,"11":0,"12":2},"f":{"0":3,"1":2},"b":{"0":[1,1,1],"1":[0,2],"2":[2,0]},"_coverageSchema":"43e27e138ebf9cfc5966b082cf9a028302ed4184","hash":"361ea9511e44f5b8b166bd337e0828c7872d3f91"}
,"/Users/v_elakya/code/hotel-management-app/hotel-mgmt-app/src/Main.js": {"path":"/Users/v_elakya/code/hotel-management-app/hotel-mgmt-app/src/Main.js","statementMap":{"0":{"start":{"line":11,"column":21},"end":{"line":15,"column":1}},"1":{"start":{"line":17,"column":23},"end":{"line":40,"column":1}},"2":{"start":{"line":18,"column":4},"end":{"line":39,"column":5}},"3":{"start":{"line":20,"column":8},"end":{"line":24,"column":10}},"4":{"start":{"line":26,"column":8},"end":{"line":30,"column":10}},"5":{"start":{"line":32,"column":8},"end":{"line":36,"column":10}},"6":{"start":{"line":38,"column":8},"end":{"line":38,"column":21}},"7":{"start":{"line":43,"column":20},"end":{"line":116,"column":1}},"8":{"start":{"line":44,"column":58},"end":{"line":44,"column":87}},"9":{"start":{"line":45,"column":30},"end":{"line":45,"column":69}},"10":{"start":{"line":46,"column":42},"end":{"line":46,"column":53}},"11":{"start":{"line":47,"column":27},"end":{"line":47,"column":38}},"12":{"start":{"line":48,"column":42},"end":{"line":48,"column":53}},"13":{"start":{"line":49,"column":38},"end":{"line":49,"column":53}},"14":{"start":{"line":52,"column":4},"end":{"line":83,"column":24}},"15":{"start":{"line":53,"column":8},"end":{"line":55,"column":11}},"16":{"start":{"line":57,"column":8},"end":{"line":82,"column":13}},"17":{"start":{"line":63,"column":12},"end":{"line":63,"column":33}},"18":{"start":{"line":64,"column":32},"end":{"line":64,"column":34}},"19":{"start":{"line":65,"column":12},"end":{"line":71,"column":13}},"20":{"start":{"line":66,"column":14},"end":{"line":70,"column":17}},"21":{"start":{"line":67,"column":29},"end":{"line":67,"column":36}},"22":{"start":{"line":68,"column":29},"end":{"line":68,"column":47}},"23":{"start":{"line":69,"column":16},"end":{"line":69,"column":43}},"24":{"start":{"line":72,"column":12},"end":{"line":75,"column":15}},"25":{"start":{"line":78,"column":12},"end":{"line":78,"column":31}},"26":{"start":{"line":79,"column":12},"end":{"line":81,"column":15}},"27":{"start":{"line":85,"column":28},"end":{"line":85,"column":54}},"28":{"start":{"line":86,"column":29},"end":{"line":86,"column":59}},"29":{"start":{"line":87,"column":24},"end":{"line":87,"column":118}},"30":{"start":{"line":89,"column":21},"end":{"line":91,"column":5}},"31":{"start":{"line":90,"column":6},"end":{"line":90,"column":33}},"32":{"start":{"line":93,"column":24},"end":{"line":96,"column":5}},"33":{"start":{"line":94,"column":27},"end":{"line":94,"column":42}},"34":{"start":{"line":95,"column":6},"end":{"line":95,"column":36}},"35":{"start":{"line":98,"column":28},"end":{"line":106,"column":5}},"36":{"start":{"line":99,"column":6},"end":{"line":102,"column":8}},"37":{"start":{"line":101,"column":8},"end":{"line":101,"column":34}},"38":{"start":{"line":103,"column":6},"end":{"line":105,"column":9}},"39":{"start":{"line":108,"column":4},"end":{"line":115,"column":5}}},"fnMap":{"0":{"name":"(anonymous_0)","decl":{"start":{"line":17,"column":23},"end":{"line":17,"column":24}},"loc":{"start":{"line":17,"column":42},"end":{"line":40,"column":1}},"line":17},"1":{"name":"(anonymous_1)","decl":{"start":{"line":43,"column":20},"end":{"line":43,"column":21}},"loc":{"start":{"line":43,"column":35},"end":{"line":116,"column":1}},"line":43},"2":{"name":"(anonymous_2)","decl":{"start":{"line":52,"column":20},"end":{"line":52,"column":21}},"loc":{"start":{"line":52,"column":26},"end":{"line":83,"column":7}},"line":52},"3":{"name":"(anonymous_3)","decl":{"start":{"line":62,"column":16},"end":{"line":62,"column":17}},"loc":{"start":{"line":62,"column":27},"end":{"line":76,"column":11}},"line":62},"4":{"name":"(anonymous_4)","decl":{"start":{"line":66,"column":31},"end":{"line":66,"column":32}},"loc":{"start":{"line":66,"column":41},"end":{"line":70,"column":15}},"line":66},"5":{"name":"(anonymous_5)","decl":{"start":{"line":77,"column":17},"end":{"line":77,"column":18}},"loc":{"start":{"line":77,"column":26},"end":{"line":82,"column":11}},"line":77},"6":{"name":"(anonymous_6)","decl":{"start":{"line":89,"column":21},"end":{"line":89,"column":22}},"loc":{"start":{"line":89,"column":37},"end":{"line":91,"column":5}},"line":89},"7":{"name":"(anonymous_7)","decl":{"start":{"line":93,"column":24},"end":{"line":93,"column":25}},"loc":{"start":{"line":93,"column":30},"end":{"line":96,"column":5}},"line":93},"8":{"name":"(anonymous_8)","decl":{"start":{"line":98,"column":28},"end":{"line":98,"column":29}},"loc":{"start":{"line":98,"column":34},"end":{"line":106,"column":5}},"line":98},"9":{"name":"(anonymous_9)","decl":{"start":{"line":100,"column":12},"end":{"line":100,"column":13}},"loc":{"start":{"line":100,"column":18},"end":{"line":102,"column":7}},"line":100}},"branchMap":{"0":{"loc":{"start":{"line":18,"column":4},"end":{"line":39,"column":5}},"type":"switch","locations":[{"start":{"line":19,"column":6},"end":{"line":24,"column":10}},{"start":{"line":25,"column":6},"end":{"line":30,"column":10}},{"start":{"line":31,"column":6},"end":{"line":36,"column":10}},{"start":{"line":37,"column":6},"end":{"line":38,"column":21}}],"line":18},"1":{"loc":{"start":{"line":65,"column":12},"end":{"line":71,"column":13}},"type":"if","locations":[{"start":{"line":65,"column":12},"end":{"line":71,"column":13}},{"start":{"line":65,"column":12},"end":{"line":71,"column":13}}],"line":65},"2":{"loc":{"start":{"line":87,"column":24},"end":{"line":87,"column":118}},"type":"cond-expr","locations":[{"start":{"line":87,"column":56},"end":{"line":87,"column":113}},{"start":{"line":87,"column":116},"end":{"line":87,"column":118}}],"line":87},"3":{"loc":{"start":{"line":110,"column":13},"end":{"line":113,"column":21}},"type":"cond-expr","locations":[{"start":{"line":110,"column":34},"end":{"line":110,"column":44}},{"start":{"line":110,"column":49},"end":{"line":113,"column":21}}],"line":110},"4":{"loc":{"start":{"line":110,"column":49},"end":{"line":113,"column":21}},"type":"cond-expr","locations":[{"start":{"line":110,"column":68},"end":{"line":110,"column":84}},{"start":{"line":111,"column":14},"end":{"line":113,"column":19}}],"line":110}},"s":{"0":3,"1":3,"2":3,"3":1,"4":1,"5":1,"6":0,"7":3,"8":0,"9":0,"10":0,"11":0,"12":0,"13":0,"14":0,"15":0,"16":0,"17":0,"18":0,"19":0,"20":0,"21":0,"22":0,"23":0,"24":0,"25":0,"26":0,"27":0,"28":0,"29":0,"30":0,"31":0,"32":0,"33":0,"34":0,"35":0,"36":0,"37":0,"38":0,"39":0},"f":{"0":3,"1":0,"2":0,"3":0,"4":0,"5":0,"6":0,"7":0,"8":0,"9":0},"b":{"0":[1,1,1,0],"1":[0,0],"2":[0,0],"3":[0,0],"4":[0,0]},"_coverageSchema":"43e27e138ebf9cfc5966b082cf9a028302ed4184","hash":"513c757b70dcd9400690f8c7be9ac5def081fef1"}
,"/Users/v_elakya/code/hotel-management-app/hotel-mgmt-app/src/hotel-info.js": {"path":"/Users/v_elakya/code/hotel-management-app/hotel-mgmt-app/src/hotel-info.js","statementMap":{"0":{"start":{"line":18,"column":8},"end":{"line":18,"column":21}},"1":{"start":{"line":19,"column":8},"end":{"line":31,"column":9}},"2":{"start":{"line":32,"column":8},"end":{"line":32,"column":59}},"3":{"start":{"line":33,"column":8},"end":{"line":33,"column":75}},"4":{"start":{"line":34,"column":8},"end":{"line":34,"column":61}},"5":{"start":{"line":35,"column":8},"end":{"line":35,"column":57}},"6":{"start":{"line":36,"column":8},"end":{"line":36,"column":65}},"7":{"start":{"line":40,"column":8},"end":{"line":42,"column":11}},"8":{"start":{"line":43,"column":8},"end":{"line":61,"column":9}},"9":{"start":{"line":44,"column":12},"end":{"line":46,"column":15}},"10":{"start":{"line":47,"column":12},"end":{"line":60,"column":13}},"11":{"start":{"line":48,"column":16},"end":{"line":48,"column":54}},"12":{"start":{"line":51,"column":39},"end":{"line":53,"column":18}},"13":{"start":{"line":52,"column":20},"end":{"line":52,"column":69}},"14":{"start":{"line":54,"column":16},"end":{"line":59,"column":17}},"15":{"start":{"line":55,"column":20},"end":{"line":55,"column":58}},"16":{"start":{"line":58,"column":20},"end":{"line":58,"column":80}},"17":{"start":{"line":65,"column":7},"end":{"line":65,"column":51}},"18":{"start":{"line":69,"column":8},"end":{"line":69,"column":57}},"19":{"start":{"line":73,"column":8},"end":{"line":73,"column":53}},"20":{"start":{"line":77,"column":19},"end":{"line":77,"column":30}},"21":{"start":{"line":78,"column":18},"end":{"line":78,"column":43}},"22":{"start":{"line":79,"column":8},"end":{"line":86,"column":9}},"23":{"start":{"line":80,"column":12},"end":{"line":80,"column":37}},"24":{"start":{"line":83,"column":12},"end":{"line":85,"column":15}},"25":{"start":{"line":90,"column":23},"end":{"line":90,"column":27}},"26":{"start":{"line":91,"column":8},"end":{"line":97,"column":9}},"27":{"start":{"line":92,"column":12},"end":{"line":92,"column":57}},"28":{"start":{"line":95,"column":23},"end":{"line":95,"column":34}},"29":{"start":{"line":96,"column":12},"end":{"line":96,"column":62}},"30":{"start":{"line":98,"column":8},"end":{"line":105,"column":9}},"31":{"start":{"line":99,"column":12},"end":{"line":99,"column":37}},"32":{"start":{"line":102,"column":12},"end":{"line":104,"column":15}},"33":{"start":{"line":109,"column":23},"end":{"line":109,"column":25}},"34":{"start":{"line":110,"column":8},"end":{"line":129,"column":9}},"35":{"start":{"line":111,"column":12},"end":{"line":113,"column":15}},"36":{"start":{"line":112,"column":20},"end":{"line":112,"column":54}},"37":{"start":{"line":114,"column":12},"end":{"line":120,"column":15}},"38":{"start":{"line":123,"column":12},"end":{"line":128,"column":15}},"39":{"start":{"line":133,"column":8},"end":{"line":142,"column":9}},"40":{"start":{"line":135,"column":16},"end":{"line":135,"column":44}},"41":{"start":{"line":136,"column":16},"end":{"line":136,"column":22}},"42":{"start":{"line":138,"column":16},"end":{"line":138,"column":44}},"43":{"start":{"line":139,"column":16},"end":{"line":139,"column":22}},"44":{"start":{"line":141,"column":16},"end":{"line":141,"column":40}},"45":{"start":{"line":146,"column":8},"end":{"line":146,"column":35}},"46":{"start":{"line":150,"column":8},"end":{"line":150,"column":84}},"47":{"start":{"line":154,"column":8},"end":{"line":154,"column":29}},"48":{"start":{"line":158,"column":21},"end":{"line":158,"column":36}},"49":{"start":{"line":161,"column":12},"end":{"line":161,"column":22}},"50":{"start":{"line":163,"column":8},"end":{"line":178,"column":9}},"51":{"start":{"line":164,"column":10},"end":{"line":169,"column":11}},"52":{"start":{"line":165,"column":12},"end":{"line":168,"column":15}},"53":{"start":{"line":172,"column":10},"end":{"line":177,"column":11}},"54":{"start":{"line":173,"column":12},"end":{"line":176,"column":15}},"55":{"start":{"line":182,"column":8},"end":{"line":182,"column":60}},"56":{"start":{"line":186,"column":8},"end":{"line":186,"column":62}},"57":{"start":{"line":190,"column":8},"end":{"line":190,"column":65}},"58":{"start":{"line":194,"column":45},"end":{"line":194,"column":55}},"59":{"start":{"line":195,"column":8},"end":{"line":200,"column":9}},"60":{"start":{"line":197,"column":16},"end":{"line":197,"column":34}},"61":{"start":{"line":199,"column":16},"end":{"line":199,"column":41}},"62":{"start":{"line":201,"column":24},"end":{"line":201,"column":26}},"63":{"start":{"line":202,"column":27},"end":{"line":202,"column":132}},"64":{"start":{"line":203,"column":8},"end":{"line":203,"column":140}},"65":{"start":{"line":204,"column":4},"end":{"line":257,"column":6}}},"fnMap":{"0":{"name":"(anonymous_0)","decl":{"start":{"line":17,"column":4},"end":{"line":17,"column":5}},"loc":{"start":{"line":17,"column":22},"end":{"line":37,"column":5}},"line":17},"1":{"name":"(anonymous_1)","decl":{"start":{"line":39,"column":4},"end":{"line":39,"column":5}},"loc":{"start":{"line":39,"column":25},"end":{"line":62,"column":5}},"line":39},"2":{"name":"(anonymous_2)","decl":{"start":{"line":51,"column":66},"end":{"line":51,"column":67}},"loc":{"start":{"line":51,"column":76},"end":{"line":53,"column":17}},"line":51},"3":{"name":"(anonymous_3)","decl":{"start":{"line":64,"column":4},"end":{"line":64,"column":5}},"loc":{"start":{"line":64,"column":24},"end":{"line":66,"column":5}},"line":64},"4":{"name":"(anonymous_4)","decl":{"start":{"line":68,"column":4},"end":{"line":68,"column":5}},"loc":{"start":{"line":68,"column":31},"end":{"line":70,"column":5}},"line":68},"5":{"name":"(anonymous_5)","decl":{"start":{"line":72,"column":4},"end":{"line":72,"column":5}},"loc":{"start":{"line":72,"column":25},"end":{"line":74,"column":5}},"line":72},"6":{"name":"(anonymous_6)","decl":{"start":{"line":76,"column":4},"end":{"line":76,"column":5}},"loc":{"start":{"line":76,"column":36},"end":{"line":87,"column":5}},"line":76},"7":{"name":"(anonymous_7)","decl":{"start":{"line":89,"column":4},"end":{"line":89,"column":5}},"loc":{"start":{"line":89,"column":50},"end":{"line":106,"column":5}},"line":89},"8":{"name":"(anonymous_8)","decl":{"start":{"line":108,"column":4},"end":{"line":108,"column":5}},"loc":{"start":{"line":108,"column":37},"end":{"line":130,"column":5}},"line":108},"9":{"name":"(anonymous_9)","decl":{"start":{"line":111,"column":50},"end":{"line":111,"column":51}},"loc":{"start":{"line":111,"column":60},"end":{"line":113,"column":13}},"line":111},"10":{"name":"(anonymous_10)","decl":{"start":{"line":132,"column":4},"end":{"line":132,"column":5}},"loc":{"start":{"line":132,"column":30},"end":{"line":143,"column":5}},"line":132},"11":{"name":"(anonymous_11)","decl":{"start":{"line":145,"column":4},"end":{"line":145,"column":5}},"loc":{"start":{"line":145,"column":22},"end":{"line":147,"column":5}},"line":145},"12":{"name":"(anonymous_12)","decl":{"start":{"line":149,"column":4},"end":{"line":149,"column":5}},"loc":{"start":{"line":149,"column":43},"end":{"line":151,"column":5}},"line":149},"13":{"name":"(anonymous_13)","decl":{"start":{"line":153,"column":4},"end":{"line":153,"column":5}},"loc":{"start":{"line":153,"column":15},"end":{"line":155,"column":5}},"line":153},"14":{"name":"(anonymous_14)","decl":{"start":{"line":157,"column":4},"end":{"line":157,"column":5}},"loc":{"start":{"line":157,"column":20},"end":{"line":179,"column":7}},"line":157},"15":{"name":"(anonymous_15)","decl":{"start":{"line":181,"column":4},"end":{"line":181,"column":5}},"loc":{"start":{"line":181,"column":41},"end":{"line":183,"column":5}},"line":181},"16":{"name":"(anonymous_16)","decl":{"start":{"line":185,"column":4},"end":{"line":185,"column":5}},"loc":{"start":{"line":185,"column":23},"end":{"line":187,"column":5}},"line":185},"17":{"name":"(anonymous_17)","decl":{"start":{"line":189,"column":4},"end":{"line":189,"column":5}},"loc":{"start":{"line":189,"column":27},"end":{"line":191,"column":5}},"line":189},"18":{"name":"(anonymous_18)","decl":{"start":{"line":193,"column":4},"end":{"line":193,"column":5}},"loc":{"start":{"line":193,"column":12},"end":{"line":258,"column":5}},"line":193}},"branchMap":{"0":{"loc":{"start":{"line":43,"column":8},"end":{"line":61,"column":9}},"type":"if","locations":[{"start":{"line":43,"column":8},"end":{"line":61,"column":9}},{"start":{"line":43,"column":8},"end":{"line":61,"column":9}}],"line":43},"1":{"loc":{"start":{"line":47,"column":12},"end":{"line":60,"column":13}},"type":"if","locations":[{"start":{"line":47,"column":12},"end":{"line":60,"column":13}},{"start":{"line":47,"column":12},"end":{"line":60,"column":13}}],"line":47},"2":{"loc":{"start":{"line":54,"column":16},"end":{"line":59,"column":17}},"type":"if","locations":[{"start":{"line":54,"column":16},"end":{"line":59,"column":17}},{"start":{"line":54,"column":16},"end":{"line":59,"column":17}}],"line":54},"3":{"loc":{"start":{"line":79,"column":8},"end":{"line":86,"column":9}},"type":"if","locations":[{"start":{"line":79,"column":8},"end":{"line":86,"column":9}},{"start":{"line":79,"column":8},"end":{"line":86,"column":9}}],"line":79},"4":{"loc":{"start":{"line":79,"column":11},"end":{"line":79,"column":51}},"type":"binary-expr","locations":[{"start":{"line":79,"column":11},"end":{"line":79,"column":29}},{"start":{"line":79,"column":33},"end":{"line":79,"column":51}}],"line":79},"5":{"loc":{"start":{"line":91,"column":8},"end":{"line":97,"column":9}},"type":"if","locations":[{"start":{"line":91,"column":8},"end":{"line":97,"column":9}},{"start":{"line":91,"column":8},"end":{"line":97,"column":9}}],"line":91},"6":{"loc":{"start":{"line":98,"column":8},"end":{"line":105,"column":9}},"type":"if","locations":[{"start":{"line":98,"column":8},"end":{"line":105,"column":9}},{"start":{"line":98,"column":8},"end":{"line":105,"column":9}}],"line":98},"7":{"loc":{"start":{"line":98,"column":11},"end":{"line":98,"column":61}},"type":"binary-expr","locations":[{"start":{"line":98,"column":11},"end":{"line":98,"column":34}},{"start":{"line":98,"column":38},"end":{"line":98,"column":61}}],"line":98},"8":{"loc":{"start":{"line":108,"column":26},"end":{"line":108,"column":35}},"type":"default-arg","locations":[{"start":{"line":108,"column":31},"end":{"line":108,"column":35}}],"line":108},"9":{"loc":{"start":{"line":110,"column":8},"end":{"line":129,"column":9}},"type":"if","locations":[{"start":{"line":110,"column":8},"end":{"line":129,"column":9}},{"start":{"line":110,"column":8},"end":{"line":129,"column":9}}],"line":110},"10":{"loc":{"start":{"line":133,"column":8},"end":{"line":142,"column":9}},"type":"switch","locations":[{"start":{"line":134,"column":12},"end":{"line":136,"column":22}},{"start":{"line":137,"column":12},"end":{"line":139,"column":22}},{"start":{"line":140,"column":12},"end":{"line":141,"column":40}}],"line":133},"11":{"loc":{"start":{"line":160,"column":10},"end":{"line":160,"column":34}},"type":"default-arg","locations":[{"start":{"line":160,"column":32},"end":{"line":160,"column":34}}],"line":160},"12":{"loc":{"start":{"line":163,"column":8},"end":{"line":178,"column":9}},"type":"if","locations":[{"start":{"line":163,"column":8},"end":{"line":178,"column":9}},{"start":{"line":163,"column":8},"end":{"line":178,"column":9}}],"line":163},"13":{"loc":{"start":{"line":164,"column":10},"end":{"line":169,"column":11}},"type":"if","locations":[{"start":{"line":164,"column":10},"end":{"line":169,"column":11}},{"start":{"line":164,"column":10},"end":{"line":169,"column":11}}],"line":164},"14":{"loc":{"start":{"line":172,"column":10},"end":{"line":177,"column":11}},"type":"if","locations":[{"start":{"line":172,"column":10},"end":{"line":177,"column":11}},{"start":{"line":172,"column":10},"end":{"line":177,"column":11}}],"line":172},"15":{"loc":{"start":{"line":195,"column":8},"end":{"line":200,"column":9}},"type":"switch","locations":[{"start":{"line":196,"column":12},"end":{"line":197,"column":34}},{"start":{"line":198,"column":12},"end":{"line":199,"column":41}}],"line":195},"16":{"loc":{"start":{"line":202,"column":27},"end":{"line":202,"column":132}},"type":"cond-expr","locations":[{"start":{"line":202,"column":74},"end":{"line":202,"column":101}},{"start":{"line":202,"column":104},"end":{"line":202,"column":132}}],"line":202},"17":{"loc":{"start":{"line":207,"column":16},"end":{"line":207,"column":197}},"type":"cond-expr","locations":[{"start":{"line":207,"column":39},"end":{"line":207,"column":190}},{"start":{"line":207,"column":193},"end":{"line":207,"column":197}}],"line":207},"18":{"loc":{"start":{"line":251,"column":56},"end":{"line":251,"column":158}},"type":"cond-expr","locations":[{"start":{"line":251,"column":101},"end":{"line":251,"column":128}},{"start":{"line":251,"column":130},"end":{"line":251,"column":158}}],"line":251}},"s":{"0":31,"1":31,"2":31,"3":31,"4":31,"5":31,"6":31,"7":3,"8":3,"9":3,"10":3,"11":1,"12":2,"13":2,"14":2,"15":1,"16":1,"17":2,"18":2,"19":2,"20":3,"21":3,"22":1,"23":1,"24":0,"25":8,"26":8,"27":4,"28":4,"29":4,"30":2,"31":2,"32":0,"33":3,"34":3,"35":1,"36":1,"37":1,"38":2,"39":4,"40":1,"41":1,"42":1,"43":1,"44":2,"45":1,"46":0,"47":0,"48":0,"49":0,"50":0,"51":0,"52":0,"53":0,"54":0,"55":0,"56":31,"57":0,"58":45,"59":45,"60":4,"61":1,"62":40,"63":40,"64":40,"65":40},"f":{"0":31,"1":3,"2":2,"3":2,"4":2,"5":2,"6":3,"7":8,"8":3,"9":1,"10":4,"11":1,"12":0,"13":0,"14":0,"15":0,"16":31,"17":0,"18":45},"b":{"0":[3,0],"1":[1,2],"2":[1,1],"3":[1,0],"4":[1,1],"5":[4,4],"6":[2,0],"7":[2,2],"8":[2],"9":[1,2],"10":[1,1,2],"11":[0],"12":[0,0],"13":[0,0],"14":[0,0],"15":[4,1],"16":[39,1],"17":[4,36],"18":[39,1]},"_coverageSchema":"43e27e138ebf9cfc5966b082cf9a028302ed4184","hash":"907ccf99361d120cc72ee91ff473058c5cce50fa"}
}
