TN:
SF:/Users/v_elakya/code/hotel-management-app/hotel-mgmt-app/src/App.js
FN:14,(anonymous_0)
FN:34,App
FNF:2
FNH:2
FNDA:3,(anonymous_0)
FNDA:2,App
DA:6,3
DA:9,3
DA:14,3
DA:15,3
DA:17,1
DA:23,1
DA:24,1
DA:30,1
DA:35,2
DA:36,2
DA:37,0
DA:38,0
DA:40,2
LF:13
LH:11
BRDA:15,0,0,1
BRDA:15,0,1,1
BRDA:15,0,2,1
BRDA:36,1,0,0
BRDA:36,1,1,2
BRDA:47,2,0,2
BRDA:47,2,1,0
BRF:7
BRH:5
end_of_record
TN:
SF:/Users/v_elakya/code/hotel-management-app/hotel-mgmt-app/src/Main.js
FN:17,(anonymous_0)
FN:43,(anonymous_1)
FN:52,(anonymous_2)
FN:62,(anonymous_3)
FN:66,(anonymous_4)
FN:77,(anonymous_5)
FN:89,(anonymous_6)
FN:93,(anonymous_7)
FN:98,(anonymous_8)
FN:100,(anonymous_9)
FNF:10
FNH:1
FNDA:3,(anonymous_0)
FNDA:0,(anonymous_1)
FNDA:0,(anonymous_2)
FNDA:0,(anonymous_3)
FNDA:0,(anonymous_4)
FNDA:0,(anonymous_5)
FNDA:0,(anonymous_6)
FNDA:0,(anonymous_7)
FNDA:0,(anonymous_8)
FNDA:0,(anonymous_9)
DA:11,3
DA:17,3
DA:18,3
DA:20,1
DA:26,1
DA:32,1
DA:38,0
DA:43,3
DA:44,0
DA:45,0
DA:46,0
DA:47,0
DA:48,0
DA:49,0
DA:52,0
DA:53,0
DA:57,0
DA:63,0
DA:64,0
DA:65,0
DA:66,0
DA:67,0
DA:68,0
DA:69,0
DA:72,0
DA:78,0
DA:79,0
DA:85,0
DA:86,0
DA:87,0
DA:89,0
DA:90,0
DA:93,0
DA:94,0
DA:95,0
DA:98,0
DA:99,0
DA:101,0
DA:103,0
DA:108,0
LF:40
LH:7
BRDA:18,0,0,1
BRDA:18,0,1,1
BRDA:18,0,2,1
BRDA:18,0,3,0
BRDA:65,1,0,0
BRDA:65,1,1,0
BRDA:87,2,0,0
BRDA:87,2,1,0
BRDA:110,3,0,0
BRDA:110,3,1,0
BRDA:110,4,0,0
BRDA:110,4,1,0
BRF:12
BRH:3
end_of_record
TN:
SF:/Users/v_elakya/code/hotel-management-app/hotel-mgmt-app/src/hotel-info.js
FN:17,(anonymous_0)
FN:39,(anonymous_1)
FN:51,(anonymous_2)
FN:64,(anonymous_3)
FN:68,(anonymous_4)
FN:72,(anonymous_5)
FN:76,(anonymous_6)
FN:89,(anonymous_7)
FN:108,(anonymous_8)
FN:111,(anonymous_9)
FN:132,(anonymous_10)
FN:145,(anonymous_11)
FN:149,(anonymous_12)
FN:153,(anonymous_13)
FN:157,(anonymous_14)
FN:181,(anonymous_15)
FN:185,(anonymous_16)
FN:189,(anonymous_17)
FN:193,(anonymous_18)
FNF:19
FNH:14
FNDA:31,(anonymous_0)
FNDA:3,(anonymous_1)
FNDA:2,(anonymous_2)
FNDA:2,(anonymous_3)
FNDA:2,(anonymous_4)
FNDA:2,(anonymous_5)
FNDA:3,(anonymous_6)
FNDA:8,(anonymous_7)
FNDA:3,(anonymous_8)
FNDA:1,(anonymous_9)
FNDA:4,(anonymous_10)
FNDA:1,(anonymous_11)
FNDA:0,(anonymous_12)
FNDA:0,(anonymous_13)
FNDA:0,(anonymous_14)
FNDA:0,(anonymous_15)
FNDA:31,(anonymous_16)
FNDA:0,(anonymous_17)
FNDA:45,(anonymous_18)
DA:18,31
DA:19,31
DA:32,31
DA:33,31
DA:34,31
DA:35,31
DA:36,31
DA:40,3
DA:43,3
DA:44,3
DA:47,3
DA:48,1
DA:51,2
DA:52,2
DA:54,2
DA:55,1
DA:58,1
DA:65,2
DA:69,2
DA:73,2
DA:77,3
DA:78,3
DA:79,1
DA:80,1
DA:83,0
DA:90,8
DA:91,8
DA:92,4
DA:95,4
DA:96,4
DA:98,2
DA:99,2
DA:102,0
DA:109,3
DA:110,3
DA:111,1
DA:112,1
DA:114,1
DA:123,2
DA:133,4
DA:135,1
DA:136,1
DA:138,1
DA:139,1
DA:141,2
DA:146,1
DA:150,0
DA:154,0
DA:158,0
DA:161,0
DA:163,0
DA:164,0
DA:165,0
DA:172,0
DA:173,0
DA:182,0
DA:186,31
DA:190,0
DA:194,45
DA:195,45
DA:197,4
DA:199,1
DA:201,40
DA:202,40
DA:203,40
DA:204,40
LF:66
LH:53
BRDA:43,0,0,3
BRDA:43,0,1,0
BRDA:47,1,0,1
BRDA:47,1,1,2
BRDA:54,2,0,1
BRDA:54,2,1,1
BRDA:79,3,0,1
BRDA:79,3,1,0
BRDA:79,4,0,1
BRDA:79,4,1,1
BRDA:91,5,0,4
BRDA:91,5,1,4
BRDA:98,6,0,2
BRDA:98,6,1,0
BRDA:98,7,0,2
BRDA:98,7,1,2
BRDA:108,8,0,2
BRDA:110,9,0,1
BRDA:110,9,1,2
BRDA:133,10,0,1
BRDA:133,10,1,1
BRDA:133,10,2,2
BRDA:160,11,0,0
BRDA:163,12,0,0
BRDA:163,12,1,0
BRDA:164,13,0,0
BRDA:164,13,1,0
BRDA:172,14,0,0
BRDA:172,14,1,0
BRDA:195,15,0,4
BRDA:195,15,1,1
BRDA:202,16,0,39
BRDA:202,16,1,1
BRDA:207,17,0,4
BRDA:207,17,1,36
BRDA:251,18,0,39
BRDA:251,18,1,1
BRF:37
BRH:27
end_of_record
